  Objet3DComposite.cpp
c:\program files (x86)\microsoft visual studio\2017\enterprise\vc\tools\msvc\14.10.25017\include\xutility(2310): error C2280: 'std::unique_ptr<Objet3DAbs,std::default_delete<_Ty>> &std::unique_ptr<_Ty,std::default_delete<_Ty>>::operator =(const std::unique_ptr<_Ty,std::default_delete<_Ty>> &)': attempting to reference a deleted function
          with
          [
              _Ty=Objet3DAbs
          ]
  c:\program files (x86)\microsoft visual studio\2017\enterprise\vc\tools\msvc\14.10.25017\include\memory(1858): note: see declaration of 'std::unique_ptr<Objet3DAbs,std::default_delete<_Ty>>::operator ='
          with
          [
              _Ty=Objet3DAbs
          ]
  c:\program files (x86)\microsoft visual studio\2017\enterprise\vc\tools\msvc\14.10.25017\include\xutility(2329): note: see reference to function template instantiation '_OutIt std::_Copy_unchecked1<_InIt,_OutIt>(_InIt,_InIt,_OutIt,std::_General_ptr_iterator_tag)' being compiled
          with
          [
              _OutIt=std::unique_ptr<Objet3DAbs,std::default_delete<Objet3DAbs>> *,
              _InIt=std::unique_ptr<Objet3DAbs,std::default_delete<Objet3DAbs>> *
          ]
  c:\program files (x86)\microsoft visual studio\2017\enterprise\vc\tools\msvc\14.10.25017\include\vector(1387): note: see reference to function template instantiation '_OutIt *std::_Copy_unchecked<_Iter,std::unique_ptr<Objet3DAbs,std::default_delete<_Ty>>*>(_InIt,_InIt,_OutIt)' being compiled
          with
          [
              _OutIt=std::unique_ptr<Objet3DAbs,std::default_delete<Objet3DAbs>> *,
              _Iter=std::unique_ptr<Objet3DAbs,std::default_delete<Objet3DAbs>> *,
              _Ty=Objet3DAbs,
              _InIt=std::unique_ptr<Objet3DAbs,std::default_delete<Objet3DAbs>> *
          ]
  c:\program files (x86)\microsoft visual studio\2017\enterprise\vc\tools\msvc\14.10.25017\include\vector(1405): note: see reference to function template instantiation 'void std::vector<Objet3DPtr,std::allocator<_Ty>>::_Assign_range<_Iter>(_Iter,_Iter,std::forward_iterator_tag)' being compiled
          with
          [
              _Ty=Objet3DPtr,
              _Iter=std::unique_ptr<Objet3DAbs,std::default_delete<Objet3DAbs>> *
          ]
  c:\program files (x86)\microsoft visual studio\2017\enterprise\vc\tools\msvc\14.10.25017\include\vector(1405): note: see reference to function template instantiation 'void std::vector<Objet3DPtr,std::allocator<_Ty>>::_Assign_range<_Iter>(_Iter,_Iter,std::forward_iterator_tag)' being compiled
          with
          [
              _Ty=Objet3DPtr,
              _Iter=std::unique_ptr<Objet3DAbs,std::default_delete<Objet3DAbs>> *
          ]
  c:\program files (x86)\microsoft visual studio\2017\enterprise\vc\tools\msvc\14.10.25017\include\vector(1427): note: see reference to function template instantiation 'void std::vector<Objet3DPtr,std::allocator<_Ty>>::assign<std::unique_ptr<Objet3DAbs,std::default_delete<Objet3DAbs>>*>(_Iter,_Iter)' being compiled
          with
          [
              _Ty=Objet3DPtr,
              _Iter=std::unique_ptr<Objet3DAbs,std::default_delete<Objet3DAbs>> *
          ]
  c:\program files (x86)\microsoft visual studio\2017\enterprise\vc\tools\msvc\14.10.25017\include\vector(1427): note: see reference to function template instantiation 'void std::vector<Objet3DPtr,std::allocator<_Ty>>::assign<std::unique_ptr<Objet3DAbs,std::default_delete<Objet3DAbs>>*>(_Iter,_Iter)' being compiled
          with
          [
              _Ty=Objet3DPtr,
              _Iter=std::unique_ptr<Objet3DAbs,std::default_delete<Objet3DAbs>> *
          ]
  c:\program files (x86)\microsoft visual studio\2017\enterprise\vc\tools\msvc\14.10.25017\include\vector(1414): note: while compiling class template member function 'std::vector<Objet3DPtr,std::allocator<_Ty>> &std::vector<_Ty,std::allocator<_Ty>>::operator =(const std::vector<_Ty,std::allocator<_Ty>> &)'
          with
          [
              _Ty=Objet3DPtr
          ]
  c:\users\nicole\desktop\log2410\tp4depart_commencé\tp4code\objet3dcomposite.cpp(18): note: see reference to function template instantiation 'std::vector<Objet3DPtr,std::allocator<_Ty>> &std::vector<_Ty,std::allocator<_Ty>>::operator =(const std::vector<_Ty,std::allocator<_Ty>> &)' being compiled
          with
          [
              _Ty=Objet3DPtr
          ]
  c:\users\nicole\desktop\log2410\tp4depart_commencé\tp4code\objet3dcontainer.h(17): note: see reference to class template instantiation 'std::vector<Objet3DPtr,std::allocator<_Ty>>' being compiled
          with
          [
              _Ty=Objet3DPtr
          ]
  c:\program files (x86)\microsoft visual studio\2017\enterprise\vc\tools\msvc\14.10.25017\include\memory(1858): note: 'std::unique_ptr<Objet3DAbs,std::default_delete<_Ty>> &std::unique_ptr<_Ty,std::default_delete<_Ty>>::operator =(const std::unique_ptr<_Ty,std::default_delete<_Ty>> &)': function was explicitly deleted
          with
          [
              _Ty=Objet3DAbs
          ]
